{"uuid":"a98bfc26-df1a-4949-91d5-d56c64bdbd0e","historyId":"6f18808edc30bb4a0a3c81e892cf6679","fullName":"Test the features of a Linked List algorithm: Linked List concepts","labels":[{"name":"tag","value":"tag"},{"name":"tag","value":"tag1"},{"name":"host","value":"LENOVO2022"},{"name":"thread","value":"49148@LENOVO2022.main(1)"},{"name":"feature","value":"Test the features of a Linked List algorithm"},{"name":"story","value":"Linked List concepts"},{"name":"suite","value":"Test the features of a Linked List algorithm"},{"name":"testClass","value":"Linked List concepts"},{"name":"framework","value":"cucumber4jvm"},{"name":"language","value":"java"},{"name":"gherkin_uri","value":"file:///C:/Users/aasvi/eclipse-workspace/DS-Algo/src/test/resources/Features/LinkedList.feature"},{"name":"package","value":"src.test.resources.Features.LinkedList_feature.Test the features of a Linked List algorithm"}],"links":[],"name":"Linked List concepts","status":"broken","statusDetails":{"known":false,"muted":false,"flaky":false,"message":"unexpected alert open: {Alert text : NameError: name 'SLinkedList' is not defined on line 13}\n  (Session info: chrome=111.0.5563.65): NameError: name 'SLinkedList' is not defined on line 13\nBuild info: version: '4.8.1', revision: '8ebccac989'\nSystem info: os.name: 'Windows 11', os.arch: 'amd64', os.version: '10.0', java.version: '18'\nDriver info: org.openqa.selenium.chrome.ChromeDriver\nCommand: [14adc31bbd93b93e0f11b3a40d2f7ffa, goBack {}]\nCapabilities {acceptInsecureCerts: false, browserName: chrome, browserVersion: 111.0.5563.65, chrome: {chromedriverVersion: 111.0.5563.64 (c710e93d5b63..., userDataDir: C:\\Users\\aasvi\\AppData\\Loca...}, goog:chromeOptions: {debuggerAddress: localhost:57264}, networkConnectionEnabled: false, pageLoadStrategy: normal, platformName: WINDOWS, proxy: Proxy(), se:cdp: ws://localhost:57264/devtoo..., se:cdpVersion: 111.0.5563.65, setWindowRect: true, strictFileInteractability: false, timeouts: {implicit: 0, pageLoad: 300000, script: 30000}, unhandledPromptBehavior: dismiss and notify, webauthn:extension:credBlob: true, webauthn:extension:largeBlob: true, webauthn:extension:minPinLength: true, webauthn:extension:prf: true, webauthn:virtualAuthenticators: true}\nSession ID: 14adc31bbd93b93e0f11b3a40d2f7ffa","trace":"org.openqa.selenium.UnhandledAlertException: unexpected alert open: {Alert text : NameError: name 'SLinkedList' is not defined on line 13}\n  (Session info: chrome=111.0.5563.65): NameError: name 'SLinkedList' is not defined on line 13\nBuild info: version: '4.8.1', revision: '8ebccac989'\nSystem info: os.name: 'Windows 11', os.arch: 'amd64', os.version: '10.0', java.version: '18'\nDriver info: org.openqa.selenium.chrome.ChromeDriver\nCommand: [14adc31bbd93b93e0f11b3a40d2f7ffa, goBack {}]\nCapabilities {acceptInsecureCerts: false, browserName: chrome, browserVersion: 111.0.5563.65, chrome: {chromedriverVersion: 111.0.5563.64 (c710e93d5b63..., userDataDir: C:\\Users\\aasvi\\AppData\\Loca...}, goog:chromeOptions: {debuggerAddress: localhost:57264}, networkConnectionEnabled: false, pageLoadStrategy: normal, platformName: WINDOWS, proxy: Proxy(), se:cdp: ws://localhost:57264/devtoo..., se:cdpVersion: 111.0.5563.65, setWindowRect: true, strictFileInteractability: false, timeouts: {implicit: 0, pageLoad: 300000, script: 30000}, unhandledPromptBehavior: dismiss and notify, webauthn:extension:credBlob: true, webauthn:extension:largeBlob: true, webauthn:extension:minPinLength: true, webauthn:extension:prf: true, webauthn:virtualAuthenticators: true}\nSession ID: 14adc31bbd93b93e0f11b3a40d2f7ffa\r\n\tat org.openqa.selenium.remote.codec.w3c.W3CHttpResponseCodec.decode(W3CHttpResponseCodec.java:131)\r\n\tat org.openqa.selenium.remote.codec.w3c.W3CHttpResponseCodec.decode(W3CHttpResponseCodec.java:53)\r\n\tat org.openqa.selenium.remote.HttpCommandExecutor.execute(HttpCommandExecutor.java:184)\r\n\tat org.openqa.selenium.remote.service.DriverCommandExecutor.invokeExecute(DriverCommandExecutor.java:167)\r\n\tat org.openqa.selenium.remote.service.DriverCommandExecutor.execute(DriverCommandExecutor.java:142)\r\n\tat org.openqa.selenium.remote.RemoteWebDriver.execute(RemoteWebDriver.java:543)\r\n\tat org.openqa.selenium.remote.RemoteWebDriver.execute(RemoteWebDriver.java:598)\r\n\tat org.openqa.selenium.remote.RemoteWebDriver.execute(RemoteWebDriver.java:602)\r\n\tat org.openqa.selenium.remote.RemoteWebDriver$RemoteNavigation.back(RemoteWebDriver.java:973)\r\n\tat StepDefintions.stepDefn.clicked_on_the_implement_ll_run_button_and_verify_the_output_try_a_code_snippet_here(stepDefn.java:714)\r\n\tat ✽.Clicked on the ImplementLL RunButton and verify the output #Try a code snippet here.(file:///C:/Users/aasvi/eclipse-workspace/DS-Algo/src/test/resources/Features/LinkedList.feature:43)\r\n"},"stage":"finished","description":"  I want to use this template for my feature file","steps":[{"name":"Given  User is on the homepage","status":"passed","statusDetails":{"known":false,"muted":false,"flaky":false},"stage":"finished","steps":[],"attachments":[],"parameters":[],"start":1685463962307,"stop":1685463964146},{"name":"When  User logs in with valid credentials","status":"passed","statusDetails":{"known":false,"muted":false,"flaky":false},"stage":"finished","steps":[],"attachments":[],"parameters":[],"start":1685463964151,"stop":1685463964898},{"name":"And  Click the GetStarted then redirected to LL Page","status":"passed","statusDetails":{"known":false,"muted":false,"flaky":false},"stage":"finished","steps":[],"attachments":[],"parameters":[],"start":1685463964898,"stop":1685463965170},{"name":"Then  Click on the Intro Link","status":"passed","statusDetails":{"known":false,"muted":false,"flaky":false},"stage":"finished","steps":[],"attachments":[],"parameters":[],"start":1685463965170,"stop":1685463966421},{"name":"And  User redirected to LLIntroPage and clicks the TryHere","status":"passed","statusDetails":{"known":false,"muted":false,"flaky":false},"stage":"finished","steps":[],"attachments":[],"parameters":[],"start":1685463966421,"stop":1685463969327},{"name":"Then  User redirected to the Editor Page and works on code snippet","status":"passed","statusDetails":{"known":false,"muted":false,"flaky":false},"stage":"finished","steps":[],"attachments":[],"parameters":[],"start":1685463969331,"stop":1685463969450},{"name":"When  Clicked on the RunButton and verify the output #Try a PrintHello statement here.","status":"passed","statusDetails":{"known":false,"muted":false,"flaky":false},"stage":"finished","steps":[],"attachments":[],"parameters":[],"start":1685463969453,"stop":1685463970529},{"name":"Then  Click on Creating LL","status":"passed","statusDetails":{"known":false,"muted":false,"flaky":false},"stage":"finished","steps":[],"attachments":[],"parameters":[],"start":1685463970529,"stop":1685463970881},{"name":"And  User redirected to CreateLLPage and clicks the TryHere","status":"passed","statusDetails":{"known":false,"muted":false,"flaky":false},"stage":"finished","steps":[],"attachments":[],"parameters":[],"start":1685463970881,"stop":1685463971519},{"name":"Then  User redirected to the CreateLL Editor Page and works on code snippet","status":"passed","statusDetails":{"known":false,"muted":false,"flaky":false},"stage":"finished","steps":[],"attachments":[],"parameters":[],"start":1685463971521,"stop":1685463973216},{"name":"When  Clicked on the CreateLL RunButton and verify the output #Try a code snippet here.","status":"passed","statusDetails":{"known":false,"muted":false,"flaky":false},"stage":"finished","steps":[],"attachments":[],"parameters":[],"start":1685463973217,"stop":1685463974334},{"name":"Then  Click on Types of LL","status":"passed","statusDetails":{"known":false,"muted":false,"flaky":false},"stage":"finished","steps":[],"attachments":[],"parameters":[],"start":1685463974341,"stop":1685463974729},{"name":"And  User redirected to LLTypesPage and clicks the TryHere","status":"passed","statusDetails":{"known":false,"muted":false,"flaky":false},"stage":"finished","steps":[],"attachments":[],"parameters":[],"start":1685463974729,"stop":1685463975336},{"name":"Then  User redirected to the TypesofLL Editor Page and works on code snippet","status":"passed","statusDetails":{"known":false,"muted":false,"flaky":false},"stage":"finished","steps":[],"attachments":[],"parameters":[],"start":1685463975336,"stop":1685463975609},{"name":"When  Clicked on the TypesofLL RunButton and verify the output #Try a code snippet for single and double LL here.","status":"passed","statusDetails":{"known":false,"muted":false,"flaky":false},"stage":"finished","steps":[],"attachments":[],"parameters":[],"start":1685463975610,"stop":1685463976722},{"name":"Then  Click on Implement LL in python","status":"passed","statusDetails":{"known":false,"muted":false,"flaky":false},"stage":"finished","steps":[],"attachments":[],"parameters":[],"start":1685463976723,"stop":1685463976955},{"name":"And  User redirected to ImplementLLPage and clicks the TryHere","status":"passed","statusDetails":{"known":false,"muted":false,"flaky":false},"stage":"finished","steps":[],"attachments":[],"parameters":[],"start":1685463976955,"stop":1685463977594},{"name":"Then  User redirected to the ImplementLL Editor Page and works on code snippet","status":"passed","statusDetails":{"known":false,"muted":false,"flaky":false},"stage":"finished","steps":[],"attachments":[],"parameters":[],"start":1685463977596,"stop":1685463978597},{"name":"When  Clicked on the ImplementLL RunButton and verify the output #Try a code snippet here.","status":"broken","statusDetails":{"known":false,"muted":false,"flaky":false,"message":"unexpected alert open: {Alert text : NameError: name 'SLinkedList' is not defined on line 13}\n  (Session info: chrome=111.0.5563.65): NameError: name 'SLinkedList' is not defined on line 13\nBuild info: version: '4.8.1', revision: '8ebccac989'\nSystem info: os.name: 'Windows 11', os.arch: 'amd64', os.version: '10.0', java.version: '18'\nDriver info: org.openqa.selenium.chrome.ChromeDriver\nCommand: [14adc31bbd93b93e0f11b3a40d2f7ffa, goBack {}]\nCapabilities {acceptInsecureCerts: false, browserName: chrome, browserVersion: 111.0.5563.65, chrome: {chromedriverVersion: 111.0.5563.64 (c710e93d5b63..., userDataDir: C:\\Users\\aasvi\\AppData\\Loca...}, goog:chromeOptions: {debuggerAddress: localhost:57264}, networkConnectionEnabled: false, pageLoadStrategy: normal, platformName: WINDOWS, proxy: Proxy(), se:cdp: ws://localhost:57264/devtoo..., se:cdpVersion: 111.0.5563.65, setWindowRect: true, strictFileInteractability: false, timeouts: {implicit: 0, pageLoad: 300000, script: 30000}, unhandledPromptBehavior: dismiss and notify, webauthn:extension:credBlob: true, webauthn:extension:largeBlob: true, webauthn:extension:minPinLength: true, webauthn:extension:prf: true, webauthn:virtualAuthenticators: true}\nSession ID: 14adc31bbd93b93e0f11b3a40d2f7ffa","trace":"org.openqa.selenium.UnhandledAlertException: unexpected alert open: {Alert text : NameError: name 'SLinkedList' is not defined on line 13}\n  (Session info: chrome=111.0.5563.65): NameError: name 'SLinkedList' is not defined on line 13\nBuild info: version: '4.8.1', revision: '8ebccac989'\nSystem info: os.name: 'Windows 11', os.arch: 'amd64', os.version: '10.0', java.version: '18'\nDriver info: org.openqa.selenium.chrome.ChromeDriver\nCommand: [14adc31bbd93b93e0f11b3a40d2f7ffa, goBack {}]\nCapabilities {acceptInsecureCerts: false, browserName: chrome, browserVersion: 111.0.5563.65, chrome: {chromedriverVersion: 111.0.5563.64 (c710e93d5b63..., userDataDir: C:\\Users\\aasvi\\AppData\\Loca...}, goog:chromeOptions: {debuggerAddress: localhost:57264}, networkConnectionEnabled: false, pageLoadStrategy: normal, platformName: WINDOWS, proxy: Proxy(), se:cdp: ws://localhost:57264/devtoo..., se:cdpVersion: 111.0.5563.65, setWindowRect: true, strictFileInteractability: false, timeouts: {implicit: 0, pageLoad: 300000, script: 30000}, unhandledPromptBehavior: dismiss and notify, webauthn:extension:credBlob: true, webauthn:extension:largeBlob: true, webauthn:extension:minPinLength: true, webauthn:extension:prf: true, webauthn:virtualAuthenticators: true}\nSession ID: 14adc31bbd93b93e0f11b3a40d2f7ffa\r\n\tat org.openqa.selenium.remote.codec.w3c.W3CHttpResponseCodec.decode(W3CHttpResponseCodec.java:131)\r\n\tat org.openqa.selenium.remote.codec.w3c.W3CHttpResponseCodec.decode(W3CHttpResponseCodec.java:53)\r\n\tat org.openqa.selenium.remote.HttpCommandExecutor.execute(HttpCommandExecutor.java:184)\r\n\tat org.openqa.selenium.remote.service.DriverCommandExecutor.invokeExecute(DriverCommandExecutor.java:167)\r\n\tat org.openqa.selenium.remote.service.DriverCommandExecutor.execute(DriverCommandExecutor.java:142)\r\n\tat org.openqa.selenium.remote.RemoteWebDriver.execute(RemoteWebDriver.java:543)\r\n\tat org.openqa.selenium.remote.RemoteWebDriver.execute(RemoteWebDriver.java:598)\r\n\tat org.openqa.selenium.remote.RemoteWebDriver.execute(RemoteWebDriver.java:602)\r\n\tat org.openqa.selenium.remote.RemoteWebDriver$RemoteNavigation.back(RemoteWebDriver.java:973)\r\n\tat StepDefintions.stepDefn.clicked_on_the_implement_ll_run_button_and_verify_the_output_try_a_code_snippet_here(stepDefn.java:714)\r\n\tat ✽.Clicked on the ImplementLL RunButton and verify the output #Try a code snippet here.(file:///C:/Users/aasvi/eclipse-workspace/DS-Algo/src/test/resources/Features/LinkedList.feature:43)\r\n"},"stage":"finished","steps":[],"attachments":[],"parameters":[],"start":1685463978598,"stop":1685463979718},{"name":"Then  Click on Traversal","status":"skipped","statusDetails":{"known":false,"muted":false,"flaky":false},"stage":"finished","steps":[],"attachments":[],"parameters":[],"start":1685463979730,"stop":1685463979731},{"name":"And  User redirected to TraversePage and clicks the TryHere","status":"skipped","statusDetails":{"known":false,"muted":false,"flaky":false},"stage":"finished","steps":[],"attachments":[],"parameters":[],"start":1685463979733,"stop":1685463979733},{"name":"Then  User redirected to the Traversal Editor Page and works on code snippet","status":"skipped","statusDetails":{"known":false,"muted":false,"flaky":false},"stage":"finished","steps":[],"attachments":[],"parameters":[],"start":1685463979735,"stop":1685463979735},{"name":"When  Clicked on the Traversal RunButton and verify the output #Try a code snippet here. available in the same web page","status":"skipped","statusDetails":{"known":false,"muted":false,"flaky":false},"stage":"finished","steps":[],"attachments":[],"parameters":[],"start":1685463979735,"stop":1685463979737},{"name":"Then  Click on Insertion","status":"skipped","statusDetails":{"known":false,"muted":false,"flaky":false},"stage":"finished","steps":[],"attachments":[],"parameters":[],"start":1685463979738,"stop":1685463979738},{"name":"And  User redirected to InsertInLLPage and clicks the TryHere","status":"skipped","statusDetails":{"known":false,"muted":false,"flaky":false},"stage":"finished","steps":[],"attachments":[],"parameters":[],"start":1685463979738,"stop":1685463979738},{"name":"Then  User redirected to the Insertion Editor Page and works on code snippet","status":"skipped","statusDetails":{"known":false,"muted":false,"flaky":false},"stage":"finished","steps":[],"attachments":[],"parameters":[],"start":1685463979741,"stop":1685463979741},{"name":"When  Clicked on the Insertion RunButton and verify the output #Try a code snippet here.","status":"skipped","statusDetails":{"known":false,"muted":false,"flaky":false},"stage":"finished","steps":[],"attachments":[],"parameters":[],"start":1685463979741,"stop":1685463979741},{"name":"Then  Click on Deletion","status":"skipped","statusDetails":{"known":false,"muted":false,"flaky":false},"stage":"finished","steps":[],"attachments":[],"parameters":[],"start":1685463979741,"stop":1685463979741},{"name":"And  User redirected to DeleteFromLLPage and clicks the TryHere","status":"skipped","statusDetails":{"known":false,"muted":false,"flaky":false},"stage":"finished","steps":[],"attachments":[],"parameters":[],"start":1685463979741,"stop":1685463979741},{"name":"Then  User redirected to the Deletion Editor Page and works on code snippet","status":"skipped","statusDetails":{"known":false,"muted":false,"flaky":false},"stage":"finished","steps":[],"attachments":[],"parameters":[],"start":1685463979746,"stop":1685463979746},{"name":"When  Clicked on the Deletion RunButton and verify the output #Try a code snippet here.","status":"skipped","statusDetails":{"known":false,"muted":false,"flaky":false},"stage":"finished","steps":[],"attachments":[],"parameters":[],"start":1685463979748,"stop":1685463979748},{"name":"Then  Click on the PracticeQn","status":"skipped","statusDetails":{"known":false,"muted":false,"flaky":false},"stage":"finished","steps":[],"attachments":[],"parameters":[],"start":1685463979748,"stop":1685463979748},{"name":"And  User redirected to PractivePage and do nothing","status":"skipped","statusDetails":{"known":false,"muted":false,"flaky":false},"stage":"finished","steps":[],"attachments":[],"parameters":[],"start":1685463979748,"stop":1685463979748},{"name":"And  go back to homePage","status":"skipped","statusDetails":{"known":false,"muted":false,"flaky":false},"stage":"finished","steps":[],"attachments":[],"parameters":[],"start":1685463979757,"stop":1685463979757}],"attachments":[],"parameters":[],"start":1685463962307,"stop":1685463979768}